name	PDCoV_4	PDCoV_3	PDCoV_1	PDCoV_2	Mock_6	PDCoV_5	Mock_3	Mock_4	Mock_2	PDCoV_6	Mock_5	Mock_1
Mock_1.18	0.6281183	0.07593651	0.3340481	0.22338331	0.3135202	0.3639409	1	0.337419	0.88166	0.07396883	0.9055356	1
Mock_1.3	0.023470676	0.037928924	0.031013457	0.09479261	0.0352811	0.02351914	0.66658247	0.26672295	0.90852755	0.017757958	0.23568083	0.99960065
Mock_7.2	0.011641889	0.00564981	0.01086506	0.006801342	0.44915012	0.039347738	0.9860139	0.768352	0.9997289	0.007428659	0.2577749	0.91647375
Mock_2.119	0.04695148	0.04007583	0.0505816	0.028185545	0.48783544	0.051011935	0.28760728	0.9921787	0.9999988	0.04873719	0.051069017	0.22717452
Mock_2.14	0.023196606	0.009712679	0.020027386	0.032974426	0.03898648	0.04560742	0.8391857	0.6081659	0.9998656	0.007637807	0.3278209	0.9736616
Mock_2.15	0.8859805	0.08692334	0.54878676	0.26544973	0.03696935	0.7531752	0.3232028	0.038372774	0.9996014	0.14150637	0.11309044	0.95555985
Mock_2.1	0.98998654	0.08202698	0.15199979	0.994174	0.017915763	0.15735026	0.009924328	0.014930302	0.99971807	0.98486936	0.061347805	0.061133996
Mock_2.214	0.022870697	0.005155893	0.006392899	0.014333246	0.003228037	0.00711092	0.074092016	0.004174303	0.9999986	0.004946668	0.7040049	0.01943887
Mock_2.29	0.95324224	0.0870192	0.42386118	0.8953909	0.39899656	0.4008911	0.051521122	0.52334386	1	0.93845284	0.41769093	0.9317877
Mock_2.31	0.28042212	0.6351988	0.17149492	0.16139899	0.93884933	0.11102022	0.008241715	0.80796665	0.9994634	0.15554675	0.11602289	0.116525225
Mock_2.34	0.457083	0.08734722	0.0703273	0.08959086	0.65339524	0.4564123	0.02915561	0.36175606	0.99984926	0.025011156	0.016369173	0.007395338
Mock_2.38	0.06280263	0.05875786	0.06543546	0.0507926	0.050341688	0.06648633	0.03654901	0.059495945	0.99993956	0.055433545	0.040084925	0.020209981
Mock_2.40	0.02813641	0.003093482	0.021469196	0.13339096	0.06138366	0.08728381	0.98339295	0.5902326	0.9999765	0.008455436	0.8036287	0.9936408
Mock_2.54	0.46265784	0.006573387	0.2734675	0.49341705	0.08343171	0.12675214	0.9964258	0.63470757	1	0.012979104	0.98047435	0.98883843
Mock_2.75	0.57523453	0.5345774	0.8962439	0.68209314	0.8517959	0.8545554	0.031022547	0.9569129	0.9998282	0.95622265	0.9210266	0.6941101
Mock_2.83	0.027693024	0.029480679	0.040047616	0.025462363	0.034268484	0.051501587	0.015047625	0.055730194	0.9999976	0.016206441	0.04274371	0.017670333
Mock_2.84	0.06195102	0.013338204	0.14972177	0.09000234	0.16517399	0.65421236	0.2949672	0.14360228	0.9999435	0.01643447	0.9760917	0.8265189
Mock_2.9	0.116162635	0.015852418	0.013115874	0.058639202	0.026080737	0.11905557	0.21693933	0.012385472	0.99963343	0.006665481	0.003364331	0.15088767
Mock_3.18	0.010887128	0.001797672	0.011923349	0.006599458	0.015626917	0.008210061	0.9998907	0.19576374	0.18087494	0.037441783	0.02795767	0.81715804
Mock_3.23	0.11268696	0.063254595	0.07519731	0.27640176	0.16557662	0.37896034	0.9996111	0.12574297	0.9901237	0.08519835	0.39436853	0.99927735
Mock_8.15	0.04012111	0.007490675	0.013749205	0.090324335	0.028388493	0.035295375	0.6541046	0.4254166	0.25376156	0.012557304	0.42881596	0.60806173
Mock_8.23	0.010288331	0.003356513	0.011396548	0.028796947	0.21364005	0.009224721	0.6878063	0.50191903	0.4181895	0.006598624	0.63646454	0.53719413
PDCoV_7.100	0.9646586	0.49670738	0.97260785	0.9052931	0.9219224	0.94489086	0.011895029	0.009382879	0.013478825	0.9953793	0.003506162	0.004142192
PDCoV_7.132	0.08883464	0.08114241	0.0922093	0.08905003	0.72422206	0.84808564	0.944317	0.95852095	0.99244213	0.06801269	0.9510569	0.9893742
PDCoV_7.13	0.2862874	0.46811834	0.7970758	0.89462245	0.7828221	0.9861416	0.004504793	0.029355241	0.015907504	0.6654886	0.004354013	0.00507813
PDCoV_7.17	0.9261016	0.61471593	0.98576903	0.21987885	0.8837271	0.8876451	0.032747928	0.8953865	0.049443327	0.63704437	0.98922753	0.023441412
PDCoV_7.31	0.7938959	0.3787845	0.92051136	0.94877195	0.18261872	0.33154908	0.006729635	0.07677639	0.020641835	0.6448657	0.014462953	0.006017408
PDCoV_7.32	0.9998996	0.99965817	0.99367	0.99979794	0.9864196	0.99998814	0.013381856	0.77343315	0.054858815	0.99810636	0.012116638	0.012961578
PDCoV_7.38	0.88386	0.99612015	0.9602205	0.9768214	0.71386695	0.9799142	0.009159582	0.42652985	0.9688344	0.8320704	0.017849563	0.010042434
PDCoV_7.49	0.753634	0.70768464	0.97674495	0.52689	0.87001395	0.9701864	0.71316713	0.8453305	0.67081267	0.6712048	0.067668274	0.007789955
PDCoV_7.53	0.43391046	0.20489694	0.81545687	0.97861457	0.10847114	0.9064998	0.003740354	0.09290836	0.016591828	0.36674395	0.008323131	0.004236303
PDCoV_7.56	0.99957865	0.717162	0.9999024	0.99211615	0.09798781	0.9956689	0.01602294	0.023848759	0.03239489	0.99922335	0.008886308	0.09936619
PDCoV_7.58	0.21445927	0.20427914	0.9905661	0.64695776	0.12453356	0.07168925	0.004890132	0.04679144	0.014188476	0.14588824	0.007698203	0.010352587
PDCoV_7.7	0.9859263	0.9919202	0.9941908	0.9944444	0.5586551	0.953181	0.006118693	0.032258615	0.90492225	0.9826907	0.003527413	0.022490712
PDCoV_7.98	0.12999979	0.9999386	0.99839634	0.10402807	0.10273099	0.87477946	0.008465449	0.2065202	0.060781073	0.114931956	0.05694367	0.017032186
Mock_4.12	0.9252083	0.69708246	0.8752247	0.7295226	0.95811814	0.9674991	0.87310153	0.99987656	0.96487796	0.35618103	0.96004444	0.2762333
Mock_4.13	0.97843057	0.7872026	0.8359668	0.49935335	0.95555013	0.9126797	0.002903298	0.9997478	0.95138437	0.24086986	0.29403138	0.003941652
Mock_4.19	0.063834794	0.05234402	0.044569016	0.031322744	0.09919079	0.053559307	0.024797412	0.9991416	0.06405868	0.06332324	0.045786213	0.012198322
Mock_4.1	0.006235729	0.004422211	0.005015229	0.005113155	0.007311652	0.005128705	0.002363248	0.99973226	0.006956933	0.003958639	0.001837054	0.003356375
Mock_4.21	0.9428095	0.8283329	0.91565865	0.92425066	0.9939638	0.96901935	0.67732245	0.9997961	0.99201804	0.36111423	0.9830939	0.17772411
Mock_4.27	0.04433127	0.028217455	0.060744688	0.04595757	0.9998454	0.031569503	0.014882808	0.9998859	0.99988467	0.03570336	0.020057965	0.012215209
Mock_4.35	0.018437855	0.002267836	0.006767058	0.06447921	0.36352968	0.013231024	0.5481079	0.9997924	0.027353493	0.01008878	0.86756814	0.18672484
Mock_4.36	0.19748656	0.113068625	0.19976586	0.038515896	0.96879303	0.88089025	0.009067022	0.9999484	0.025420392	0.024191355	0.18007137	0.00642323
Mock_4.40	0.9959429	0.9833157	0.9964339	0.9842947	0.99852324	0.99979544	0.9990207	0.9999495	0.9992578	0.91004086	0.99729586	0.69206023
Mock_4.46	0.7327007	0.12603493	0.401652	0.17810433	0.9659472	0.96938854	0.011724107	0.99984086	0.11542596	0.094104104	0.8212846	0.004986892
Mock_4.57	0.045236178	0.17164068	0.24201727	0.19878674	0.80700064	0.44220668	0.009565365	0.999944	0.03138151	0.04266946	0.035628937	0.006142236
Mock_4.58	0.019811975	0.007925282	0.019121278	0.021506695	0.9801412	0.05136974	0.7842729	0.999834	0.059298966	0.018988261	0.91480726	0.10632796
Mock_4.69	0.2555748	0.041347686	0.043457545	0.04504112	0.9934149	0.9757568	0.04031873	0.9999176	0.03960932	0.962394	0.031712435	0.017789248
Mock_5.109	0.03346146	0.028072828	0.048151795	0.15452643	0.012410086	0.030121157	0.003205046	0.011175461	0.01169629	0.012450483	0.9999773	0.002124073
Mock_5.11	0.986123	0.61470383	0.91924834	0.43627888	0.53461415	0.8532385	0.002587104	0.56874007	0.016555479	0.2667206	0.99995005	0.003863889
Mock_5.12	0.0634466	0.03132044	0.049967714	0.018957417	0.98164284	0.08484331	0.02132373	0.9929474	0.06005445	0.01574172	0.99950564	0.017671676
Mock_5.27	0.059044648	0.072164126	0.05593918	0.050054006	0.77679837	0.98775166	0.045371436	0.9929893	0.073822334	0.0795533	0.99989486	0.035408497
Mock_5.40	0.7592323	0.7952182	0.83467174	0.9176588	0.067142084	0.93418294	0.9469328	0.71122956	0.97965664	0.9180867	0.9996927	0.9705519
Mock_5.5	0.072099954	0.05856201	0.055426206	0.04728761	0.06484699	0.0574927	0.035427354	0.21837339	0.0593903	0.070956044	0.9991348	0.5342896
Mock_5.61	0.6570335	0.026788866	0.9601457	0.09762576	0.102413595	0.926356	0.023530552	0.970399	0.027315695	0.2483087	0.999784	0.022415482
PDCoV_1.113	0.9944844	0.99887323	0.99996156	0.99063474	0.35365146	0.9958121	0.36087587	0.08355512	0.898629	0.9934514	0.8893893	0.21086313
PDCoV_1.11	0.07392542	0.9949984	0.9997469	0.028809244	0.9663452	0.96836054	0.81537306	0.9666142	0.039937783	0.9020979	0.974613	0.021133482
PDCoV_1.130	0.98414165	0.9998492	0.9997235	0.9695985	0.7888558	0.997518	0.005293322	0.073493674	0.014040953	0.92932767	0.006204785	0.02384584
PDCoV_1.13	0.07983887	0.99269295	0.99939346	0.1534964	0.022973275	0.5983052	0.002564186	0.006503056	0.023868944	0.70929605	0.00242719	0.013963194
PDCoV_1.144	0.008520788	0.9128861	0.9999837	0.006787746	0.011742885	0.006057759	0.0042148	0.007554208	0.006822249	0.010113353	0.004066437	0.0229421
PDCoV_1.25	0.016739128	0.17503959	0.99990773	0.013411184	0.010676348	0.01203286	0.002840539	0.007820709	0.006647917	0.013619233	0.00356871	0.008097548
PDCoV_1.274	0.99767303	0.9615954	0.9999971	0.29971975	0.015834253	0.0046837	0.012080659	0.010629166	0.016939944	0.6162	0.009027938	0.028460197
PDCoV_1.28	0.9442486	0.84977245	0.9997863	0.82513964	0.74296737	0.4986386	0.001926315	0.8164933	0.012060299	0.56011355	0.005216245	0.020248363
PDCoV_1.2	0.023674076	0.5848792	0.9998939	0.01506422	0.015047932	0.41838303	0.002089503	0.019178908	0.015602153	0.08338509	0.006197092	0.005179279
PDCoV_1.31	0.98415476	0.96598434	0.99985206	0.9943754	0.6946161	0.7917264	0.007874994	0.013082176	0.011212918	0.9782069	0.005153489	0.021733088
PDCoV_1.3	0.38760653	0.17835902	0.9998519	0.07380676	0.016370114	0.04498372	0.001646975	0.004282526	0.004667016	0.072658375	0.002646101	0.007368993
PDCoV_1.41	0.06152865	0.9599951	0.9994689	0.03074698	0.00624847	0.03605267	0.001127459	0.003327279	0.006590789	0.49934393	0.001722308	0.00763254
PDCoV_1.42	0.98972917	0.99978185	0.9999677	0.98927695	0.13183878	0.9989571	0.15062663	0.040791273	0.14067748	0.99813825	0.027833194	0.27077916
PDCoV_1.45	0.98784155	0.9940332	0.99995726	0.97828525	0.4010048	0.988805	0.030156503	0.050722435	0.1747922	0.9897912	0.026581816	0.058053948
PDCoV_1.46	0.058483977	0.9962968	0.99976236	0.09852319	0.020992609	0.07138976	0.001890908	0.008730307	0.82093114	0.20360358	0.003510124	0.01299957
PDCoV_1.47	0.91250056	0.99403965	0.9996977	0.48775914	0.020633467	0.6600525	0.001804574	0.008364861	0.01118526	0.27446678	0.002164542	0.012141306
PDCoV_1.48	0.26911485	0.998537	0.99990743	0.15986246	0.020943087	0.10838154	0.001417429	0.011832533	0.010703243	0.1384941	0.002219961	0.009437806
PDCoV_1.49	0.065822214	0.9963663	0.99992937	0.08890888	0.026332706	0.39533865	0.003680069	0.008349678	0.025801085	0.14057691	0.002559158	0.011803858
PDCoV_1.73	0.8567903	0.75450593	0.9997709	0.9682722	0.015406506	0.028936503	0.002456833	0.006243	0.018802432	0.8712254	0.002369974	0.011061415
PDCoV_1.83	0.755063	0.99962413	1	0.1481818	0.9627274	0.9991952	0.10332081	0.6564702	0.94909865	0.99930775	0.017754724	0.17553648
PDCoV_1.87	0.054472968	0.99967706	0.9999873	0.04080372	0.99763685	0.99987966	0.016970212	0.15281652	0.9979368	0.8984152	0.17397898	0.064655565
Mock_6.34	0.97989106	0.12694432	0.946028	0.97631425	1	0.95985764	0.97888696	0.9999617	0.97548425	0.5132288	0.98300594	0.97893304
Mock_6.48	0.9492767	0.9509427	0.89098597	0.9646585	0.9974338	0.9180436	0.00348338	0.23941748	0.15646055	0.59267074	0.00373777	0.00773524
Mock_6.99	0.7700287	0.04488851	0.058660083	0.3026991	0.99998814	0.5543002	0.017879674	0.9656392	0.99975955	0.27887863	0.3107922	0.81926656
PDCoV_2.100	0.9950603	0.70361257	0.6983605	0.99938387	0.85625744	0.73125833	0.005382084	0.2139945	0.013305229	0.95124185	0.003604421	0.002168264
PDCoV_2.101	0.994536	0.09659776	0.1367919	0.9999514	0.15523674	0.055074163	0.004091351	0.025983943	0.013141092	0.11386712	0.00578754	0.00214938
PDCoV_2.10	0.9986863	0.74015766	0.30887523	0.99993	0.59451324	0.55202204	0.005169379	0.95964915	0.13275848	0.84873337	0.021016033	0.003120061
PDCoV_2.117	0.9965202	0.07312637	0.07037456	0.9999875	0.14314876	0.8564518	0.004010503	0.022567045	0.2506722	0.2884839	0.006985634	0.004238478
PDCoV_2.12	0.9447365	0.38375697	0.21453132	0.9994153	0.9890273	0.90762275	0.32031092	0.9490792	0.8705532	0.88598055	0.5362679	0.07886255
PDCoV_2.139	0.99941957	0.9974909	0.9975935	0.99972755	0.9358661	0.9992989	0.21950446	0.7596003	0.07373186	0.99851745	0.04084365	0.18587252
PDCoV_2.152	0.9999871	0.9598968	0.9535293	0.9999904	0.86412615	0.95614403	0.019916382	0.89334804	0.41277125	0.9871004	0.56477505	0.010844965
PDCoV_2.164	0.9987763	0.9976529	0.9234399	0.9999464	0.963871	0.5607479	0.56095576	0.9961949	0.48387906	0.99898344	0.41747397	0.012018816
PDCoV_2.190	0.99999946	0.99760985	0.99125546	0.9999961	0.48122406	0.56036574	0.010048485	0.030345645	0.018248525	0.9279073	0.010088083	0.009702005
PDCoV_2.20	0.96369374	0.40524137	0.22116747	0.9995382	0.73346406	0.27337843	0.006041477	0.34549913	0.31963533	0.5768736	0.033100925	0.002476079
PDCoV_2.21	0.9897758	0.26413122	0.9033739	0.9999525	0.3182191	0.8670557	0.00415304	0.19476047	0.021206705	0.14421327	0.008031577	0.005196818
PDCoV_2.31	0.8794101	0.49001032	0.34263718	0.99901956	0.06800019	0.35530028	0.011486729	0.015861595	0.027166547	0.65724415	0.021948732	0.01440362
PDCoV_2.38	0.9974368	0.959048	0.95529413	0.9992058	0.10027889	0.13416006	0.003017864	0.09317662	0.018627362	0.17895919	0.005787426	0.007087083
PDCoV_2.39	0.74583536	0.28360742	0.3803009	0.9997616	0.25899673	0.557794	0.002037644	0.013163447	0.4866811	0.04831404	0.004515593	0.002598225
PDCoV_2.62	0.89139044	0.99881893	0.9995503	0.9998843	0.054144308	0.59493023	0.009755502	0.015387046	0.05257868	0.96406955	0.007017431	0.07849112
PDCoV_2.63	0.9977461	0.99749047	0.78817874	0.9999402	0.99559754	0.37565044	0.01935147	0.9960173	0.05321939	0.51732266	0.025878321	0.020603623
PDCoV_2.74	0.99999547	0.08908011	0.45192218	1	0.61008	0.07585236	0.023854297	0.60129434	0.035882052	0.99995345	0.0168121	0.008988671
PDCoV_2.77	0.8781308	0.02516011	0.05462784	0.99984515	0.070087284	0.48268935	0.7271087	0.127306	0.99475676	0.5790529	0.40905875	0.99461496
PDCoV_2.83	0.9057049	0.10693334	0.027791664	0.9997454	0.6393196	0.030084886	0.001893291	0.008636809	0.008032658	0.15507895	0.003025011	0.001440177
PDCoV_2.88	0.37551194	0.0408715	0.051724665	0.99999064	0.9559394	0.02031122	0.011874376	0.14375904	0.017498523	0.34687248	0.013020429	0.011596602
PDCoV_2.92	0.6078728	0.4172188	0.13882466	0.9999871	0.90519744	0.71138525	0.4724267	0.9181392	0.6510789	0.11911158	0.46469232	0.020324117
PDCoV_2.98	0.9936571	0.5364294	0.9859567	0.99982935	0.40001878	0.1420987	0.005799937	0.005942756	0.005269389	0.9931761	0.004212933	0.006954871
PDCoV_2.9	0.9935626	0.21212931	0.11485685	0.9997277	0.39276633	0.4262849	0.002599155	0.50277454	0.23313534	0.37032068	0.035245765	0.001965642
PDCoV_3.102	0.9941971	0.99989027	0.99976605	0.5603372	0.09326487	0.9570255	0.028515602	0.28813538	0.97363454	0.9999746	0.94749475	0.121705934
PDCoV_3.149	0.9974316	0.9999618	0.997439	0.84306514	0.19015323	0.98800826	0.03130439	0.21294776	0.038311105	0.99542636	0.019555755	0.07315893
PDCoV_3.229	0.023459513	1	0.9973962	0.01659063	0.008026446	0.91147906	0.003055567	0.006613135	0.05761351	0.02829861	0.002442443	0.01812009
PDCoV_3.23	0.09069349	0.9998264	0.51729995	0.04968941	0.014994793	0.31083986	0.003140084	0.005276921	0.006921686	0.123540826	0.00200692	0.018515287
PDCoV_3.28	0.25449172	0.99879766	0.61471456	0.107820414	0.05480249	0.06711218	0.030947587	0.081707	0.052951656	0.81774276	0.03809234	0.012406726
PDCoV_3.29	0.021420456	0.9998853	0.54424196	0.014597989	0.009335661	0.03502165	0.001466692	0.012449316	0.009110984	0.10309059	0.003777742	0.002448242
PDCoV_3.30	0.05148774	0.9999961	0.13646142	0.80221033	0.08424914	0.34893706	0.000122435	0.000375054	0.000376603	0.1606671	0.000151881	0.00178228
PDCoV_3.31	0.13079001	0.99981236	0.9440013	0.8060694	0.020520847	0.17308284	0.003411292	0.006733958	0.019866934	0.9546164	0.002058752	0.005697197
PDCoV_3.32	0.9853767	0.99999404	0.99512917	0.98600346	0.9757052	0.9862073	0.018995777	0.5737761	0.9760371	0.9981406	0.012275992	0.09258378
PDCoV_3.37	0.7382576	0.99958926	0.93759155	0.1641817	0.005289788	0.45112374	0.007772769	0.00400138	0.004397424	0.9962944	0.8174407	0.005350506
PDCoV_3.68	0.11046501	0.99968153	0.904402	0.044700265	0.011182886	0.87348574	0.001745983	0.006127335	0.00645784	0.7255829	0.001101556	0.004817
PDCoV_3.70	0.9641926	0.99960804	0.98929465	0.9828679	0.40023428	0.38862312	0.002289453	0.032992896	0.01428871	0.7795256	0.09578773	0.008020557
PDCoV_3.71	0.028043963	0.9999988	0.9659597	0.027167728	0.040028486	0.70483696	0.002887159	0.6160201	0.09590009	0.022573473	0.005893822	0.020581182
PDCoV_3.72	0.043280117	0.99972737	0.89753085	0.051423848	0.017705806	0.020996265	0.005587447	0.022312375	0.014504618	0.025567275	0.007952592	0.008210035
PDCoV_3.98	0.12607779	0.9999855	0.97873306	0.107409686	0.06576209	0.18630868	0.001669648	0.041560214	0.017102383	0.07487612	0.004513581	0.012392829
PDCoV_4.100	0.99958557	0.23109813	0.124588065	0.97367674	0.028933885	0.7396107	0.004793107	0.0237527	0.0211543	0.94643474	0.007275818	0.002460745
PDCoV_4.107	0.999798	0.92136043	0.99137026	0.81354105	0.41601744	0.932005	0.003355035	0.016297715	0.15568417	0.5064462	0.00702887	0.009870968
PDCoV_4.11	0.9988722	0.08664539	0.31869596	0.5030647	0.93796915	0.692536	0.016647678	0.97770727	0.027056532	0.054740414	0.9607214	0.004832924
PDCoV_4.120	0.99988055	0.9959907	0.9976401	0.9202591	0.89463824	0.926783	0.006998641	0.6742605	0.02478904	0.063114956	0.008462861	0.021681454
PDCoV_4.151	0.9998041	0.38375452	0.23123245	0.56639606	0.109309316	0.88148874	0.007184486	0.9487892	0.92040217	0.9621792	0.015257373	0.062968716
PDCoV_4.152	0.99983895	0.9696115	0.70225215	0.9998069	0.03794754	0.043270245	0.017726788	0.012537483	0.14052951	0.46514562	0.016091987	0.012634994
PDCoV_4.16	0.9996176	0.41498008	0.496879	0.42371973	0.09943096	0.073703215	0.006857327	0.54504675	0.018090794	0.12171055	0.011295551	0.003561898
PDCoV_4.193	0.9999831	0.99120706	0.9468074	0.99661195	0.9463393	0.6103734	0.00964083	0.6011097	0.018272817	0.99414754	0.080327466	0.007198302
PDCoV_4.19	0.99909085	0.720508	0.76693064	0.6227936	0.30125687	0.5249538	0.001946851	0.15640394	0.009958268	0.09568052	0.003204721	0.003999166
PDCoV_4.21	0.9998658	0.9609289	0.90390754	0.988015	0.02609238	0.29241168	0.004284347	0.023212897	0.5594057	0.6971897	0.013788394	0.009177306
PDCoV_4.40	0.9996719	0.97177213	0.89054996	0.965744	0.3139631	0.92993903	0.003660846	0.013610385	0.015171452	0.71029335	0.003412778	0.00399731
PDCoV_4.43	0.9996922	0.8605623	0.9795077	0.37518516	0.043064836	0.98673713	0.010003639	0.055258777	0.04062597	0.24383956	0.049657237	0.017142953
PDCoV_4.44	0.999515	0.41825193	0.81865424	0.9975785	0.029178785	0.99953693	0.006873563	0.008421636	0.049142223	0.43179667	0.003496834	0.012280317
PDCoV_4.48	0.9969632	0.08120194	0.0976905	0.20372432	0.034238666	0.39668125	0.00111874	0.014048365	0.004548673	0.68629825	0.002093127	7.90873E-05
PDCoV_4.58	0.9999918	0.008830594	0.008152946	0.015142552	0.07157925	0.006851617	0.001670893	0.004202507	0.002282962	0.017680997	0.003130704	0.001111424
PDCoV_4.61	0.9992042	0.9772831	0.86481595	0.97989196	0.9689543	0.96210474	0.002661984	0.7316586	0.016958963	0.50746644	0.006921717	0.006020222
PDCoV_4.68	0.9993109	0.0326688	0.8853489	0.18778187	0.007186073	0.30094767	0.001207887	0.00128445	0.001595204	0.2857207	0.00028193	0.001943789
PDCoV_4.72	0.9994181	0.06313252	0.2692815	0.934285	0.277419	0.28347293	0.000610371	0.027378995	0.002850374	0.4361451	0.001662817	0.001464891
PDCoV_4.76	0.99982184	0.003716282	0.008019664	0.14070381	0.008651304	0.00789887	0.099438034	0.04743135	0.08766059	0.012121273	0.21814378	0.092997134
PDCoV_4.7	0.9995496	0.97195387	0.38274124	0.99231946	0.60845655	0.819095	0.003064115	0.04166172	0.012300773	0.83466244	0.0137243	0.003138892
PDCoV_4.81	0.99997777	0.07102831	0.17513539	0.8301277	0.035495795	0.9983376	0.004481629	0.046329368	0.053188086	0.034526736	0.9980881	0.00576531
PDCoV_4.86	0.99996513	0.9997484	0.99976695	0.95178473	0.6394968	0.9961573	0.018335156	0.57546973	0.073596545	0.9995045	0.024214908	0.04485448
PDCoV_4.99	0.99999595	0.99857795	0.99417144	0.99974555	0.6488613	0.9994033	0.013070516	0.023549113	0.29751295	0.9989157	0.009331815	0.024540607
PDCoV_5.113	0.99739844	0.4250083	0.24517117	0.9946743	0.41244552	0.99960864	0.006815177	0.57736146	0.06109552	0.8832945	0.13586092	0.004083979
PDCoV_5.149	0.9577058	0.92760646	0.3290004	0.62116617	0.92764705	0.9999435	0.061212882	0.9513253	0.10118251	0.93527627	0.08997813	0.034313843
PDCoV_5.171	0.45495823	0.004812965	0.013300164	0.003394304	0.002159959	0.9999804	0.004245616	0.00222159	0.007142841	0.13695408	0.001759071	0.001887516
PDCoV_5.31	0.79032683	0.92476916	0.81736726	0.91799295	0.25324523	0.99349743	0.004370005	0.02674202	0.31410545	0.9427373	0.002429334	0.008480358
PDCoV_5.33	0.016696187	0.97105426	0.02596983	0.012074346	0.003629566	0.9999174	0.010808809	0.006834261	0.009777497	0.98677725	0.004745308	0.005653154
PDCoV_5.34	0.03624678	0.92912817	0.05033002	0.03285602	0.01286289	0.9995682	0.001166907	0.005507339	0.019099593	0.026389014	0.002419554	0.003486495
PDCoV_5.36	0.74959266	0.7284843	0.7339903	0.8342382	0.48276162	0.97091925	0.008156857	0.56552696	0.3424518	0.95961213	0.23364307	0.002376682
PDCoV_5.40	0.8854467	0.1503739	0.24685389	0.5800342	0.2380569	0.9985508	0.01039204	0.8010945	0.63042897	0.9110719	0.1726425	0.022799177
PDCoV_5.50	0.09980923	0.050278835	0.80972046	0.020436037	0.015210832	0.99964774	0.081002645	0.013792572	0.6030223	0.16104181	0.37186143	0.4939412
PDCoV_5.52	0.16349772	0.51551634	0.3093165	0.093218744	0.8088736	0.9999606	0.040222976	0.46429855	0.12123374	0.161775	0.05493068	0.017771235
PDCoV_5.56	0.12335909	0.35946056	0.87727547	0.067810185	0.074632764	0.9997214	0.05468392	0.08358504	0.13634086	0.065389015	0.063187316	0.026095126
PDCoV_5.59	0.9991718	0.9992472	0.99757624	0.99749434	0.9697662	0.9999065	0.03521688	0.8408652	0.87387156	0.999469	0.08239261	0.040839046
PDCoV_5.62	0.22515838	0.94346184	0.68426615	0.14394772	0.757626	0.9999696	0.003285094	0.28787482	0.030841524	0.18071595	0.0983424	0.006654055
PDCoV_5.68	0.97178715	0.9791698	0.24867028	0.48827535	0.28235176	0.99991655	0.003906936	0.047039304	0.018134478	0.97815615	0.001908133	0.004071134
PDCoV_5.7	0.9350894	0.27478704	0.6439876	0.6193163	0.22590648	0.99929136	0.00449863	0.7998121	0.72785807	0.91137856	0.27850077	0.09290255
PDCoV_5.86	0.5732688	0.8072876	0.17327185	0.17339371	0.997535	0.99986166	0.015964316	0.9953074	0.033490717	0.99458855	0.012678912	0.01009731
PDCoV_6.109	0.977251	0.32587588	0.23068449	0.8234131	0.009845277	0.05255256	0.004995921	0.017886354	0.002438305	0.9996281	0.001213096	0.001471704
PDCoV_6.119	0.9992576	0.4365815	0.77380615	0.99761266	0.36825672	0.9981751	0.011445601	0.013735466	0.009983786	0.9999857	0.04614553	0.003011772
PDCoV_6.12	0.58189946	0.64402294	0.9876456	0.60682225	0.023837876	0.058353383	0.004467737	0.005813928	0.010929261	0.9995059	0.001805666	0.005191351
PDCoV_6.140	0.84940886	0.7579871	0.6517558	0.3699667	0.1445633	0.9604827	0.014038221	0.27021515	0.03585858	0.9999369	0.021269131	0.004385114
PDCoV_6.149	0.99979466	0.9986434	0.9996593	0.75817037	0.82323754	0.94641495	0.008813164	0.20163542	0.02587545	0.99995625	0.00598163	0.027900547
PDCoV_6.15	0.9914153	0.98680866	0.9898378	0.91927135	0.9743741	0.9623654	0.024412852	0.15606768	0.12181825	0.9997971	0.5070227	0.035720598
PDCoV_6.32	0.9948642	0.9701656	0.9857229	0.9835426	0.9511295	0.91690254	0.095755	0.95806843	0.7742218	0.9999809	0.89422995	0.044564545
PDCoV_6.36	0.092527516	0.81876385	0.9157589	0.11339206	0.024941396	0.93759006	0.012061438	0.012741225	0.040624864	0.9999494	0.007555272	0.006124457
PDCoV_6.38	0.93845856	0.35271206	0.5580664	0.18918885	0.15502815	0.96566314	0.00752233	0.025068948	0.01215141	0.99859697	0.004063472	0.002696385
PDCoV_6.47	0.98987496	0.9239585	0.94011587	0.9867224	0.22611053	0.9501602	0.006507865	0.83682317	0.19320741	0.9984884	0.11027095	0.007094691
PDCoV_6.51	0.9777937	0.8257148	0.61995524	0.78874964	0.9197638	0.9287899	0.018619705	0.48684025	0.36529514	0.99960613	0.28168756	0.03597377
PDCoV_6.59	0.53137434	0.9755211	0.8513308	0.12428986	0.07695668	0.2895374	0.021973118	0.16818242	0.07348687	0.9998969	0.03708326	0.007422799
PDCoV_6.82	0.81734633	0.643313	0.4764967	0.11753788	0.05347562	0.72111464	0.052449327	0.019715922	0.2007305	0.9998404	0.0176321	0.012305838
PDCoV_6.8	0.8038068	0.72923714	0.732364	0.8338709	0.7042492	0.9819149	0.027150692	0.6108844	0.4134297	0.9996041	0.27792323	0.007478039
PDCoV_6.97	0.23546974	0.9986004	0.9954085	0.31080577	0.05549079	0.06761517	0.041906867	0.15108046	0.03245092	0.9999978	0.038532667	0.020737214
